<?xml version="1.0" encoding="utf-8"?><testsuites name="pytest tests"><testsuite name="pytest" errors="0" failures="0" skipped="0" tests="17" time="3.855" timestamp="2026-05-23T09:59:35.873914+00:00" hostname="agent-env-bd438760-c37b-45f5-bf01-ffc6089cf470"><testcase classname="backend.tests.test_admin_auth" name="test_login_success_returns_admin" time="0.458" /><testcase classname="backend.tests.test_admin_auth" name="test_login_wrong_password_401" time="0.267" /><testcase classname="backend.tests.test_admin_auth" name="test_login_unknown_email_401" time="0.043" /><testcase classname="backend.tests.test_admin_auth" name="test_me_with_token" time="0.349" /><testcase classname="backend.tests.test_admin_auth" name="test_me_without_token_401" time="0.131" /><testcase classname="backend.tests.test_admin_auth" name="test_me_invalid_token_401" time="0.128" /><testcase classname="backend.tests.test_admin_auth" name="test_public_get_leaderboard_no_auth" time="0.133" /><testcase classname="backend.tests.test_admin_auth" name="test_public_post_leaderboard_no_auth" time="0.119" /><testcase classname="backend.tests.test_admin_auth" name="test_delete_entry_requires_auth" time="0.102" /><testcase classname="backend.tests.test_admin_auth" name="test_patch_entry_requires_auth" time="0.093" /><testcase classname="backend.tests.test_admin_auth" name="test_clear_all_requires_auth" time="0.138" /><testcase classname="backend.tests.test_admin_auth" name="test_admin_delete_entry" time="0.273" /><testcase classname="backend.tests.test_admin_auth" name="test_admin_patch_entry_uppercases_and_truncates" time="0.369" /><testcase classname="backend.tests.test_admin_auth" name="test_admin_patch_empty_name_rejected" time="0.245" /><testcase classname="backend.tests.test_admin_auth" name="test_admin_patch_unknown_id_404" time="0.112" /><testcase classname="backend.tests.test_admin_auth" name="test_admin_clear_all" time="0.408" /><testcase classname="backend.tests.test_admin_auth" name="test_admin_seed_idempotent_login_still_works" time="0.305" /></testsuite></testsuites>