<?xml version="1.0" encoding="utf-8"?><testsuites name="pytest tests"><testsuite name="pytest" errors="0" failures="0" skipped="0" tests="28" time="5.704" timestamp="2026-08-27T23:22:52.701930+00:00" hostname="agent-env-bd438760-c37b-45f5-bf01-ffc6089cf470"><testcase classname="backend.tests.test_admin_auth" name="test_login_success_returns_admin" time="0.463" /><testcase classname="backend.tests.test_admin_auth" name="test_login_wrong_password_401" time="0.282" /><testcase classname="backend.tests.test_admin_auth" name="test_login_unknown_email_401" time="0.088" /><testcase classname="backend.tests.test_admin_auth" name="test_me_with_token" time="0.347" /><testcase classname="backend.tests.test_admin_auth" name="test_me_without_token_401" time="0.199" /><testcase classname="backend.tests.test_admin_auth" name="test_me_invalid_token_401" time="0.169" /><testcase classname="backend.tests.test_admin_auth" name="test_public_get_leaderboard_no_auth" time="0.123" /><testcase classname="backend.tests.test_admin_auth" name="test_public_post_leaderboard_no_auth" time="0.116" /><testcase classname="backend.tests.test_admin_auth" name="test_delete_entry_requires_auth" time="0.226" /><testcase classname="backend.tests.test_admin_auth" name="test_patch_entry_requires_auth" time="0.104" /><testcase classname="backend.tests.test_admin_auth" name="test_clear_all_requires_auth" time="0.118" /><testcase classname="backend.tests.test_admin_auth" name="test_admin_delete_entry" time="0.430" /><testcase classname="backend.tests.test_admin_auth" name="test_admin_patch_entry_uppercases_and_truncates" time="0.421" /><testcase classname="backend.tests.test_admin_auth" name="test_admin_patch_empty_name_rejected" time="0.303" /><testcase classname="backend.tests.test_admin_auth" name="test_admin_patch_unknown_id_404" time="0.131" /><testcase classname="backend.tests.test_admin_auth" name="test_admin_clear_all" time="0.546" /><testcase classname="backend.tests.test_admin_auth" name="test_admin_seed_idempotent_login_still_works" time="0.278" /><testcase classname="backend.tests.test_cashrun_api" name="test_root_version" time="0.108" /><testcase classname="backend.tests.test_cashrun_api" name="test_post_leaderboard_valid" time="0.061" /><testcase classname="backend.tests.test_cashrun_api" name="test_get_leaderboard_sorted_desc" time="0.168" /><testcase classname="backend.tests.test_cashrun_api" name="test_get_leaderboard_excludes_mongo_id" time="0.169" /><testcase classname="backend.tests.test_cashrun_api" name="test_get_leaderboard_rows_have_public_fields" time="0.160" /><testcase classname="backend.tests.test_cashrun_api" name="test_get_leaderboard_limit" time="0.051" /><testcase classname="backend.tests.test_cashrun_api" name="test_get_rank" time="0.167" /><testcase classname="backend.tests.test_cashrun_api" name="test_post_rejects_empty_name" time="0.053" /><testcase classname="backend.tests.test_cashrun_api" name="test_post_rejects_long_name" time="0.056" /><testcase classname="backend.tests.test_cashrun_api" name="test_character_defaults_to_boy" time="0.056" /><testcase classname="backend.tests.test_cashrun_api" name="test_post_rejects_negative_score" time="0.056" /></testsuite></testsuites>