<?xml version="1.0" encoding="utf-8"?><testsuites name="pytest tests"><testsuite name="pytest" errors="0" failures="0" skipped="0" tests="9" time="1.125" timestamp="2026-05-10T16:06:57.326646+00:00" hostname="agent-env-bd438760-c37b-45f5-bf01-ffc6089cf470"><testcase classname="backend.tests.test_cashrun_api" name="test_root_version" time="0.224" /><testcase classname="backend.tests.test_cashrun_api" name="test_post_leaderboard_valid" time="0.057" /><testcase classname="backend.tests.test_cashrun_api" name="test_get_leaderboard_sorted_no_id" time="0.222" /><testcase classname="backend.tests.test_cashrun_api" name="test_get_leaderboard_limit" time="0.062" /><testcase classname="backend.tests.test_cashrun_api" name="test_get_rank" time="0.181" /><testcase classname="backend.tests.test_cashrun_api" name="test_post_rejects_empty_name" time="0.059" /><testcase classname="backend.tests.test_cashrun_api" name="test_post_rejects_long_name" time="0.046" /><testcase classname="backend.tests.test_cashrun_api" name="test_character_defaults_to_boy" time="0.048" /><testcase classname="backend.tests.test_cashrun_api" name="test_post_rejects_negative_score" time="0.054" /></testsuite></testsuites>